2025-10-08 03:20:26.875 +02:00 [INF] User profile is available. Using '/Users/ivanothman/.aspnet/DataProtection-Keys' as key repository; keys will not be encrypted at rest.
2025-10-08 03:20:26.968 +02:00 [INF] Now listening on: http://localhost:5186
2025-10-08 03:20:26.974 +02:00 [INF] Application started. Press Ctrl+C to shut down.
2025-10-08 03:20:26.975 +02:00 [INF] Hosting environment: Development
2025-10-08 03:20:26.975 +02:00 [INF] Content root path: /Users/ivanothman/Oblig_2/Basic_Project
2025-10-08 03:20:37.917 +02:00 [INF] Request starting HTTP/1.1 GET http://localhost:5186/ - null null
2025-10-08 03:20:37.937 +02:00 [WRN] Failed to determine the https port for redirect.
2025-10-08 03:20:37.970 +02:00 [INF] Executing endpoint 'Basic_Project.Controllers.HomeController.Index (Basic_Project)'
2025-10-08 03:20:38.018 +02:00 [INF] Route matched with {action = "Index", controller = "Home"}. Executing controller action with signature System.Threading.Tasks.Task`1[Microsoft.AspNetCore.Mvc.IActionResult] Index() on controller Basic_Project.Controllers.HomeController (Basic_Project).
2025-10-08 03:20:38.207 +02:00 [INF] Loading quiz list
2025-10-08 03:20:38.209 +02:00 [INF] Fetching all quizzes from database
2025-10-08 03:20:39.586 +02:00 [INF] Executing ViewResult, running view Index.
2025-10-08 03:20:39.777 +02:00 [INF] Executed ViewResult - view Index executed in 190.9382ms.
2025-10-08 03:20:39.796 +02:00 [INF] Executed action Basic_Project.Controllers.HomeController.Index (Basic_Project) in 1777.2258ms
2025-10-08 03:20:39.796 +02:00 [INF] Executed endpoint 'Basic_Project.Controllers.HomeController.Index (Basic_Project)'
2025-10-08 03:20:39.818 +02:00 [INF] Request finished HTTP/1.1 GET http://localhost:5186/ - 200 null text/html; charset=utf-8 1901.3883ms
2025-10-08 03:20:39.910 +02:00 [INF] Request starting HTTP/1.1 GET http://localhost:5186/Basic_Project.styles.css?v=-WjX_JhRwzzvVOTKI8bwbdJ61Kyrsf5O2KBXMVsGWXw - null null
2025-10-08 03:20:39.911 +02:00 [INF] Request starting HTTP/1.1 GET http://localhost:5186/css/quiz.css - null null
2025-10-08 03:20:39.936 +02:00 [INF] The file /css/quiz.css was not modified
2025-10-08 03:20:39.936 +02:00 [INF] The file /Basic_Project.styles.css was not modified
2025-10-08 03:20:39.937 +02:00 [INF] Request finished HTTP/1.1 GET http://localhost:5186/css/quiz.css - 304 null text/css 29.8583ms
2025-10-08 03:20:39.937 +02:00 [INF] Request finished HTTP/1.1 GET http://localhost:5186/Basic_Project.styles.css?v=-WjX_JhRwzzvVOTKI8bwbdJ61Kyrsf5O2KBXMVsGWXw - 304 null text/css 29.8583ms
2025-10-08 03:20:43.237 +02:00 [INF] Request starting HTTP/1.1 GET http://localhost:5186/Quiz/Create - null null
2025-10-08 03:20:43.241 +02:00 [INF] Executing endpoint 'Basic_Project.Controllers.QuizController.Create (Basic_Project)'
2025-10-08 03:20:43.245 +02:00 [INF] Route matched with {action = "Create", controller = "Quiz"}. Executing controller action with signature Microsoft.AspNetCore.Mvc.IActionResult Create() on controller Basic_Project.Controllers.QuizController (Basic_Project).
2025-10-08 03:20:43.250 +02:00 [INF] Opening create quiz page
2025-10-08 03:20:43.254 +02:00 [INF] Executing ViewResult, running view Create.
2025-10-08 03:20:43.325 +02:00 [INF] Executed ViewResult - view Create executed in 73.7781ms.
2025-10-08 03:20:43.325 +02:00 [INF] Executed action Basic_Project.Controllers.QuizController.Create (Basic_Project) in 80.4422ms
2025-10-08 03:20:43.325 +02:00 [INF] Executed endpoint 'Basic_Project.Controllers.QuizController.Create (Basic_Project)'
2025-10-08 03:20:43.326 +02:00 [INF] Request finished HTTP/1.1 GET http://localhost:5186/Quiz/Create - 200 null text/html; charset=utf-8 88.9822ms
2025-10-08 03:21:09.383 +02:00 [INF] Request starting HTTP/1.1 POST http://localhost:5186/Quiz/Create - application/x-www-form-urlencoded 425
2025-10-08 03:21:09.389 +02:00 [INF] Executing endpoint 'Basic_Project.Controllers.QuizController.Create (Basic_Project)'
2025-10-08 03:21:09.415 +02:00 [INF] Route matched with {action = "Create", controller = "Quiz"}. Executing controller action with signature System.Threading.Tasks.Task`1[Microsoft.AspNetCore.Mvc.IActionResult] Create(Basic_Project.ViewModels.QuizCreateViewModel) on controller Basic_Project.Controllers.QuizController (Basic_Project).
2025-10-08 03:21:09.472 +02:00 [INF] Creating new quiz: Min
2025-10-08 03:21:09.475 +02:00 [INF] Creating new quiz: Min
2025-10-08 03:21:09.811 +02:00 [INF] Quiz created successfully with ID: 10
2025-10-08 03:21:09.811 +02:00 [INF] Quiz created successfully: Min
2025-10-08 03:21:09.813 +02:00 [INF] Executing RedirectResult, redirecting to /.
2025-10-08 03:21:09.813 +02:00 [INF] Executed action Basic_Project.Controllers.QuizController.Create (Basic_Project) in 397.2695ms
2025-10-08 03:21:09.813 +02:00 [INF] Executed endpoint 'Basic_Project.Controllers.QuizController.Create (Basic_Project)'
2025-10-08 03:21:09.813 +02:00 [INF] Request finished HTTP/1.1 POST http://localhost:5186/Quiz/Create - 302 0 null 430.6946ms
2025-10-08 03:21:09.818 +02:00 [INF] Request starting HTTP/1.1 GET http://localhost:5186/ - null null
2025-10-08 03:21:09.819 +02:00 [INF] Executing endpoint 'Basic_Project.Controllers.HomeController.Index (Basic_Project)'
2025-10-08 03:21:09.819 +02:00 [INF] Route matched with {action = "Index", controller = "Home"}. Executing controller action with signature System.Threading.Tasks.Task`1[Microsoft.AspNetCore.Mvc.IActionResult] Index() on controller Basic_Project.Controllers.HomeController (Basic_Project).
2025-10-08 03:21:09.820 +02:00 [INF] Loading quiz list
2025-10-08 03:21:09.820 +02:00 [INF] Fetching all quizzes from database
2025-10-08 03:21:09.929 +02:00 [INF] Executing ViewResult, running view Index.
2025-10-08 03:21:09.932 +02:00 [INF] Executed ViewResult - view Index executed in 3.5826ms.
2025-10-08 03:21:09.932 +02:00 [INF] Executed action Basic_Project.Controllers.HomeController.Index (Basic_Project) in 113.0002ms
2025-10-08 03:21:09.932 +02:00 [INF] Executed endpoint 'Basic_Project.Controllers.HomeController.Index (Basic_Project)'
2025-10-08 03:21:09.932 +02:00 [INF] Request finished HTTP/1.1 GET http://localhost:5186/ - 200 null text/html; charset=utf-8 114.1951ms
2025-10-08 03:21:11.416 +02:00 [INF] Request starting HTTP/1.1 GET http://localhost:5186/Quiz/Take/10 - null null
2025-10-08 03:21:11.416 +02:00 [INF] Executing endpoint 'Basic_Project.Controllers.QuizController.Take (Basic_Project)'
2025-10-08 03:21:11.422 +02:00 [INF] Route matched with {action = "Take", controller = "Quiz"}. Executing controller action with signature System.Threading.Tasks.Task`1[Microsoft.AspNetCore.Mvc.IActionResult] Take(Int32) on controller Basic_Project.Controllers.QuizController (Basic_Project).
2025-10-08 03:21:11.426 +02:00 [INF] Opening quiz taking page for ID: 10
2025-10-08 03:21:11.429 +02:00 [INF] Fetching quiz with ID: 10
2025-10-08 03:21:11.503 +02:00 [INF] Executing ViewResult, running view Take.
2025-10-08 03:21:11.515 +02:00 [INF] Executed ViewResult - view Take executed in 12.2398ms.
2025-10-08 03:21:11.515 +02:00 [INF] Executed action Basic_Project.Controllers.QuizController.Take (Basic_Project) in 92.4898ms
2025-10-08 03:21:11.515 +02:00 [INF] Executed endpoint 'Basic_Project.Controllers.QuizController.Take (Basic_Project)'
2025-10-08 03:21:11.515 +02:00 [INF] Request finished HTTP/1.1 GET http://localhost:5186/Quiz/Take/10 - 200 null text/html; charset=utf-8 99.5083ms
2025-10-08 03:21:13.555 +02:00 [INF] Request starting HTTP/1.1 POST http://localhost:5186/Quiz/SubmitQuiz - application/x-www-form-urlencoded 210
2025-10-08 03:21:13.556 +02:00 [INF] Executing endpoint 'Basic_Project.Controllers.QuizController.SubmitQuiz (Basic_Project)'
2025-10-08 03:21:13.566 +02:00 [INF] Route matched with {action = "SubmitQuiz", controller = "Quiz"}. Executing controller action with signature System.Threading.Tasks.Task`1[Microsoft.AspNetCore.Mvc.IActionResult] SubmitQuiz(Int32, System.Collections.Generic.Dictionary`2[System.Int32,System.String]) on controller Basic_Project.Controllers.QuizController (Basic_Project).
2025-10-08 03:21:13.598 +02:00 [INF] Submitting quiz answers for ID: 10
2025-10-08 03:21:13.599 +02:00 [INF] Fetching quiz with ID: 10
2025-10-08 03:21:13.603 +02:00 [INF] Quiz submitted successfully. Score: 0/10
2025-10-08 03:21:13.605 +02:00 [INF] Executing ViewResult, running view Result.
2025-10-08 03:21:13.617 +02:00 [INF] Executed ViewResult - view Result executed in 12.8539ms.
2025-10-08 03:21:13.619 +02:00 [INF] Executed action Basic_Project.Controllers.QuizController.SubmitQuiz (Basic_Project) in 53.6089ms
2025-10-08 03:21:13.620 +02:00 [INF] Executed endpoint 'Basic_Project.Controllers.QuizController.SubmitQuiz (Basic_Project)'
2025-10-08 03:21:13.623 +02:00 [INF] Request finished HTTP/1.1 POST http://localhost:5186/Quiz/SubmitQuiz - 200 null text/html; charset=utf-8 64.6715ms
2025-10-08 03:21:16.604 +02:00 [INF] Request starting HTTP/1.1 GET http://localhost:5186/Quiz/Take/10 - null null
2025-10-08 03:21:16.604 +02:00 [INF] Executing endpoint 'Basic_Project.Controllers.QuizController.Take (Basic_Project)'
2025-10-08 03:21:16.605 +02:00 [INF] Route matched with {action = "Take", controller = "Quiz"}. Executing controller action with signature System.Threading.Tasks.Task`1[Microsoft.AspNetCore.Mvc.IActionResult] Take(Int32) on controller Basic_Project.Controllers.QuizController (Basic_Project).
2025-10-08 03:21:16.605 +02:00 [INF] Opening quiz taking page for ID: 10
2025-10-08 03:21:16.605 +02:00 [INF] Fetching quiz with ID: 10
2025-10-08 03:21:16.608 +02:00 [INF] Executing ViewResult, running view Take.
2025-10-08 03:21:16.612 +02:00 [INF] Executed ViewResult - view Take executed in 3.9273ms.
2025-10-08 03:21:16.612 +02:00 [INF] Executed action Basic_Project.Controllers.QuizController.Take (Basic_Project) in 7.3843ms
2025-10-08 03:21:16.612 +02:00 [INF] Executed endpoint 'Basic_Project.Controllers.QuizController.Take (Basic_Project)'
2025-10-08 03:21:16.613 +02:00 [INF] Request finished HTTP/1.1 GET http://localhost:5186/Quiz/Take/10 - 200 null text/html; charset=utf-8 8.4863ms
2025-10-08 03:21:18.516 +02:00 [INF] Request starting HTTP/1.1 POST http://localhost:5186/Quiz/SubmitQuiz - application/x-www-form-urlencoded 210
2025-10-08 03:21:18.516 +02:00 [INF] Executing endpoint 'Basic_Project.Controllers.QuizController.SubmitQuiz (Basic_Project)'
2025-10-08 03:21:18.517 +02:00 [INF] Route matched with {action = "SubmitQuiz", controller = "Quiz"}. Executing controller action with signature System.Threading.Tasks.Task`1[Microsoft.AspNetCore.Mvc.IActionResult] SubmitQuiz(Int32, System.Collections.Generic.Dictionary`2[System.Int32,System.String]) on controller Basic_Project.Controllers.QuizController (Basic_Project).
2025-10-08 03:21:18.518 +02:00 [INF] Submitting quiz answers for ID: 10
2025-10-08 03:21:18.518 +02:00 [INF] Fetching quiz with ID: 10
2025-10-08 03:21:18.520 +02:00 [INF] Quiz submitted successfully. Score: 10/10
2025-10-08 03:21:18.521 +02:00 [INF] Executing ViewResult, running view Result.
2025-10-08 03:21:18.525 +02:00 [INF] Executed ViewResult - view Result executed in 4.0282ms.
2025-10-08 03:21:18.525 +02:00 [INF] Executed action Basic_Project.Controllers.QuizController.SubmitQuiz (Basic_Project) in 8.3882ms
2025-10-08 03:21:18.525 +02:00 [INF] Executed endpoint 'Basic_Project.Controllers.QuizController.SubmitQuiz (Basic_Project)'
2025-10-08 03:21:18.526 +02:00 [INF] Request finished HTTP/1.1 POST http://localhost:5186/Quiz/SubmitQuiz - 200 null text/html; charset=utf-8 9.3749ms
2025-10-08 03:21:20.310 +02:00 [INF] Request starting HTTP/1.1 GET http://localhost:5186/ - null null
2025-10-08 03:21:20.311 +02:00 [INF] Executing endpoint 'Basic_Project.Controllers.HomeController.Index (Basic_Project)'
2025-10-08 03:21:20.311 +02:00 [INF] Route matched with {action = "Index", controller = "Home"}. Executing controller action with signature System.Threading.Tasks.Task`1[Microsoft.AspNetCore.Mvc.IActionResult] Index() on controller Basic_Project.Controllers.HomeController (Basic_Project).
2025-10-08 03:21:20.311 +02:00 [INF] Loading quiz list
2025-10-08 03:21:20.312 +02:00 [INF] Fetching all quizzes from database
2025-10-08 03:21:20.313 +02:00 [INF] Executing ViewResult, running view Index.
2025-10-08 03:21:20.317 +02:00 [INF] Executed ViewResult - view Index executed in 3.863ms.
2025-10-08 03:21:20.317 +02:00 [INF] Executed action Basic_Project.Controllers.HomeController.Index (Basic_Project) in 6.3479ms
2025-10-08 03:21:20.317 +02:00 [INF] Executed endpoint 'Basic_Project.Controllers.HomeController.Index (Basic_Project)'
2025-10-08 03:21:20.318 +02:00 [INF] Request finished HTTP/1.1 GET http://localhost:5186/ - 200 null text/html; charset=utf-8 8.0212ms
2025-10-08 03:21:22.080 +02:00 [INF] Request starting HTTP/1.1 GET http://localhost:5186/Quiz/Update/10 - null null
2025-10-08 03:21:22.080 +02:00 [INF] Executing endpoint 'Basic_Project.Controllers.QuizController.Update (Basic_Project)'
2025-10-08 03:21:22.085 +02:00 [INF] Route matched with {action = "Update", controller = "Quiz"}. Executing controller action with signature System.Threading.Tasks.Task`1[Microsoft.AspNetCore.Mvc.IActionResult] Update(Int32) on controller Basic_Project.Controllers.QuizController (Basic_Project).
2025-10-08 03:21:22.088 +02:00 [INF] Opening update quiz page for ID: 10
2025-10-08 03:21:22.088 +02:00 [INF] Fetching quiz with ID: 10
2025-10-08 03:21:22.093 +02:00 [INF] Executing ViewResult, running view Update.
2025-10-08 03:21:22.120 +02:00 [INF] Executed ViewResult - view Update executed in 28.9498ms.
2025-10-08 03:21:22.120 +02:00 [INF] Executed action Basic_Project.Controllers.QuizController.Update (Basic_Project) in 34.782ms
2025-10-08 03:21:22.120 +02:00 [INF] Executed endpoint 'Basic_Project.Controllers.QuizController.Update (Basic_Project)'
2025-10-08 03:21:22.120 +02:00 [INF] Request finished HTTP/1.1 GET http://localhost:5186/Quiz/Update/10 - 200 null text/html; charset=utf-8 40.3687ms
2025-10-08 03:21:26.397 +02:00 [INF] Request starting HTTP/1.1 POST http://localhost:5186/Quiz/Update/10 - application/x-www-form-urlencoded 426
2025-10-08 03:21:26.397 +02:00 [INF] Executing endpoint 'Basic_Project.Controllers.QuizController.Update (Basic_Project)'
2025-10-08 03:21:26.403 +02:00 [INF] Route matched with {action = "Update", controller = "Quiz"}. Executing controller action with signature System.Threading.Tasks.Task`1[Microsoft.AspNetCore.Mvc.IActionResult] Update(Int32, Basic_Project.ViewModels.QuizCreateViewModel) on controller Basic_Project.Controllers.QuizController (Basic_Project).
2025-10-08 03:21:26.410 +02:00 [INF] Updating quiz: 10
2025-10-08 03:21:26.413 +02:00 [INF] Updating quiz with ID: 10
2025-10-08 03:21:26.473 +02:00 [INF] Quiz updated successfully: 10
2025-10-08 03:21:26.473 +02:00 [INF] Quiz updated successfully: 10
2025-10-08 03:21:26.477 +02:00 [INF] Executing RedirectResult, redirecting to /.
2025-10-08 03:21:26.488 +02:00 [INF] Executed action Basic_Project.Controllers.QuizController.Update (Basic_Project) in 85.1912ms
2025-10-08 03:21:26.489 +02:00 [INF] Executed endpoint 'Basic_Project.Controllers.QuizController.Update (Basic_Project)'
2025-10-08 03:21:26.489 +02:00 [INF] Request finished HTTP/1.1 POST http://localhost:5186/Quiz/Update/10 - 302 0 null 92.0924ms
2025-10-08 03:21:26.495 +02:00 [INF] Request starting HTTP/1.1 GET http://localhost:5186/ - null null
2025-10-08 03:21:26.495 +02:00 [INF] Executing endpoint 'Basic_Project.Controllers.HomeController.Index (Basic_Project)'
2025-10-08 03:21:26.495 +02:00 [INF] Route matched with {action = "Index", controller = "Home"}. Executing controller action with signature System.Threading.Tasks.Task`1[Microsoft.AspNetCore.Mvc.IActionResult] Index() on controller Basic_Project.Controllers.HomeController (Basic_Project).
2025-10-08 03:21:26.495 +02:00 [INF] Loading quiz list
2025-10-08 03:21:26.496 +02:00 [INF] Fetching all quizzes from database
2025-10-08 03:21:26.498 +02:00 [INF] Executing ViewResult, running view Index.
2025-10-08 03:21:26.499 +02:00 [INF] Executed ViewResult - view Index executed in 1.1476ms.
2025-10-08 03:21:26.499 +02:00 [INF] Executed action Basic_Project.Controllers.HomeController.Index (Basic_Project) in 3.8149ms
2025-10-08 03:21:26.499 +02:00 [INF] Executed endpoint 'Basic_Project.Controllers.HomeController.Index (Basic_Project)'
2025-10-08 03:21:26.499 +02:00 [INF] Request finished HTTP/1.1 GET http://localhost:5186/ - 200 null text/html; charset=utf-8 4.4974ms
2025-10-08 03:21:28.263 +02:00 [INF] Request starting HTTP/1.1 GET http://localhost:5186/Quiz/Take/10 - null null
2025-10-08 03:21:28.264 +02:00 [INF] Executing endpoint 'Basic_Project.Controllers.QuizController.Take (Basic_Project)'
2025-10-08 03:21:28.264 +02:00 [INF] Route matched with {action = "Take", controller = "Quiz"}. Executing controller action with signature System.Threading.Tasks.Task`1[Microsoft.AspNetCore.Mvc.IActionResult] Take(Int32) on controller Basic_Project.Controllers.QuizController (Basic_Project).
2025-10-08 03:21:28.264 +02:00 [INF] Opening quiz taking page for ID: 10
2025-10-08 03:21:28.264 +02:00 [INF] Fetching quiz with ID: 10
2025-10-08 03:21:28.266 +02:00 [INF] Executing ViewResult, running view Take.
2025-10-08 03:21:28.269 +02:00 [INF] Executed ViewResult - view Take executed in 2.4684ms.
2025-10-08 03:21:28.269 +02:00 [INF] Executed action Basic_Project.Controllers.QuizController.Take (Basic_Project) in 4.9702ms
2025-10-08 03:21:28.269 +02:00 [INF] Executed endpoint 'Basic_Project.Controllers.QuizController.Take (Basic_Project)'
2025-10-08 03:21:28.269 +02:00 [INF] Request finished HTTP/1.1 GET http://localhost:5186/Quiz/Take/10 - 200 null text/html; charset=utf-8 5.5966ms
2025-10-08 03:21:30.000 +02:00 [INF] Request starting HTTP/1.1 POST http://localhost:5186/Quiz/SubmitQuiz - application/x-www-form-urlencoded 210
2025-10-08 03:21:30.000 +02:00 [INF] Executing endpoint 'Basic_Project.Controllers.QuizController.SubmitQuiz (Basic_Project)'
2025-10-08 03:21:30.000 +02:00 [INF] Route matched with {action = "SubmitQuiz", controller = "Quiz"}. Executing controller action with signature System.Threading.Tasks.Task`1[Microsoft.AspNetCore.Mvc.IActionResult] SubmitQuiz(Int32, System.Collections.Generic.Dictionary`2[System.Int32,System.String]) on controller Basic_Project.Controllers.QuizController (Basic_Project).
2025-10-08 03:21:30.001 +02:00 [INF] Submitting quiz answers for ID: 10
2025-10-08 03:21:30.002 +02:00 [INF] Fetching quiz with ID: 10
2025-10-08 03:21:30.004 +02:00 [INF] Quiz submitted successfully. Score: 10/10
2025-10-08 03:21:30.004 +02:00 [INF] Executing ViewResult, running view Result.
2025-10-08 03:21:30.007 +02:00 [INF] Executed ViewResult - view Result executed in 2.9433ms.
2025-10-08 03:21:30.007 +02:00 [INF] Executed action Basic_Project.Controllers.QuizController.SubmitQuiz (Basic_Project) in 7.4647ms
2025-10-08 03:21:30.007 +02:00 [INF] Executed endpoint 'Basic_Project.Controllers.QuizController.SubmitQuiz (Basic_Project)'
2025-10-08 03:21:30.008 +02:00 [INF] Request finished HTTP/1.1 POST http://localhost:5186/Quiz/SubmitQuiz - 200 null text/html; charset=utf-8 8.0392ms
2025-10-08 03:21:31.918 +02:00 [INF] Request starting HTTP/1.1 GET http://localhost:5186/ - null null
2025-10-08 03:21:31.918 +02:00 [INF] Executing endpoint 'Basic_Project.Controllers.HomeController.Index (Basic_Project)'
2025-10-08 03:21:31.918 +02:00 [INF] Route matched with {action = "Index", controller = "Home"}. Executing controller action with signature System.Threading.Tasks.Task`1[Microsoft.AspNetCore.Mvc.IActionResult] Index() on controller Basic_Project.Controllers.HomeController (Basic_Project).
2025-10-08 03:21:31.918 +02:00 [INF] Loading quiz list
2025-10-08 03:21:31.918 +02:00 [INF] Fetching all quizzes from database
2025-10-08 03:21:31.920 +02:00 [INF] Executing ViewResult, running view Index.
2025-10-08 03:21:31.921 +02:00 [INF] Executed ViewResult - view Index executed in 1.2671ms.
2025-10-08 03:21:31.921 +02:00 [INF] Executed action Basic_Project.Controllers.HomeController.Index (Basic_Project) in 3.0258ms
2025-10-08 03:21:31.921 +02:00 [INF] Executed endpoint 'Basic_Project.Controllers.HomeController.Index (Basic_Project)'
2025-10-08 03:21:31.921 +02:00 [INF] Request finished HTTP/1.1 GET http://localhost:5186/ - 200 null text/html; charset=utf-8 3.5451ms
2025-10-08 03:21:34.167 +02:00 [INF] Request starting HTTP/1.1 GET http://localhost:5186/Home/Privacy - null null
2025-10-08 03:21:34.167 +02:00 [INF] Executing endpoint 'Basic_Project.Controllers.HomeController.Privacy (Basic_Project)'
2025-10-08 03:21:34.169 +02:00 [INF] Route matched with {action = "Privacy", controller = "Home"}. Executing controller action with signature Microsoft.AspNetCore.Mvc.IActionResult Privacy() on controller Basic_Project.Controllers.HomeController (Basic_Project).
2025-10-08 03:21:34.170 +02:00 [INF] Executing ViewResult, running view Privacy.
2025-10-08 03:21:34.174 +02:00 [INF] Executed ViewResult - view Privacy executed in 4.093ms.
2025-10-08 03:21:34.174 +02:00 [INF] Executed action Basic_Project.Controllers.HomeController.Privacy (Basic_Project) in 4.8361ms
2025-10-08 03:21:34.174 +02:00 [INF] Executed endpoint 'Basic_Project.Controllers.HomeController.Privacy (Basic_Project)'
2025-10-08 03:21:34.174 +02:00 [INF] Request finished HTTP/1.1 GET http://localhost:5186/Home/Privacy - 200 null text/html; charset=utf-8 7.0145ms
2025-10-08 03:21:35.073 +02:00 [INF] Request starting HTTP/1.1 GET http://localhost:5186/ - null null
2025-10-08 03:21:35.073 +02:00 [INF] Executing endpoint 'Basic_Project.Controllers.HomeController.Index (Basic_Project)'
2025-10-08 03:21:35.073 +02:00 [INF] Route matched with {action = "Index", controller = "Home"}. Executing controller action with signature System.Threading.Tasks.Task`1[Microsoft.AspNetCore.Mvc.IActionResult] Index() on controller Basic_Project.Controllers.HomeController (Basic_Project).
2025-10-08 03:21:35.074 +02:00 [INF] Loading quiz list
2025-10-08 03:21:35.074 +02:00 [INF] Fetching all quizzes from database
2025-10-08 03:21:35.076 +02:00 [INF] Executing ViewResult, running view Index.
2025-10-08 03:21:35.076 +02:00 [INF] Executed ViewResult - view Index executed in 0.9636ms.
2025-10-08 03:21:35.077 +02:00 [INF] Executed action Basic_Project.Controllers.HomeController.Index (Basic_Project) in 3.2044ms
2025-10-08 03:21:35.077 +02:00 [INF] Executed endpoint 'Basic_Project.Controllers.HomeController.Index (Basic_Project)'
2025-10-08 03:21:35.077 +02:00 [INF] Request finished HTTP/1.1 GET http://localhost:5186/ - 200 null text/html; charset=utf-8 3.9362ms
2025-10-08 03:21:45.221 +02:00 [INF] Application is shutting down...
